<?xml version="1.0" encoding="UTF-8"?>
<!-- Generated by org.testng.reporters.JUnitXMLReporter -->
<testsuite ignored="0" hostname="DESKTOP-OS9T7E3" failures="0" tests="24" name="Test" time="83.282" errors="0" timestamp="2022-03-28T15:57:06 ICT">
  <testcase classname="DemoTestNG.Lab4Test" name="getVatOnAmountTestBang0" time="0.011"/>
  <testcase classname="DemoTestNG.Lab4Test" name="getVatOnAmountTestBang10" time="0.001"/>
  <testcase classname="DemoTestNG.Lab4Test" name="getVatOnAmountTestBang18" time="0.001"/>
  <testcase classname="DemoTestNG.Lab4Test" name="getVatOnAmountTestBang32" time="0.001"/>
  <testcase classname="DemoTestNG.Lab4Test" name="getVatOnAmountTestBang5" time="0.001"/>
  <testcase classname="DemoTestNG.Lab4Test" name="getVatOnAmountTestBang52" time="0.001"/>
  <testcase classname="DemoTestNG.Lab4Test" name="getVatOnAmountTestBang80" time="0.001"/>
  <testcase classname="DemoTestNG.Lab4Test" name="getVatOnAmountTestLonHon0" time="0.001"/>
  <testcase classname="DemoTestNG.Lab4Test" name="getVatOnAmountTestLonHon10" time="0.001"/>
  <testcase classname="DemoTestNG.Lab4Test" name="getVatOnAmountTestLonHon18" time="0.001"/>
  <testcase classname="DemoTestNG.Lab4Test" name="getVatOnAmountTestLonHon32" time="0.001"/>
  <testcase classname="DemoTestNG.Lab4Test" name="getVatOnAmountTestLonHon5" time="0.001"/>
  <testcase classname="DemoTestNG.Lab4Test" name="getVatOnAmountTestLonHon52" time="0.001"/>
  <testcase classname="DemoTestNG.Lab4Test" name="getVatOnAmountTestLonHon80" time="0.001"/>
  <testcase classname="DemoTestNG.Lab4Test" name="getVatOnAmountTestNhoHon0" time="0.0"/>
  <testcase classname="DemoTestNG.Lab4Test" name="getVatOnAmountTestNhoHon10" time="0.001"/>
  <testcase classname="DemoTestNG.Lab4Test" name="getVatOnAmountTestNhoHon18" time="0.001"/>
  <testcase classname="DemoTestNG.Lab4Test" name="getVatOnAmountTestNhoHon32" time="0.001"/>
  <testcase classname="DemoTestNG.Lab4Test" name="getVatOnAmountTestNhoHon5" time="0.001"/>
  <testcase classname="DemoTestNG.Lab4Test" name="getVatOnAmountTestNhoHon52" time="0.001"/>
  <testcase classname="DemoTestNG.Lab4Test" name="getVatOnAmountTestNhoHon80" time="0.001"/>
  <testcase classname="DemoTestNG.Lab5_1Test" name="timKiemAPFpoly" time="32.567"/>
  <testcase classname="DemoTestNG.Lab5_1Test" name="timKiemCMSFpoly" time="40.859"/>
  <testcase classname="DemoTestNG.Lab5_1Test" name="timKiemLMSFpoly" time="9.751"/>
</testsuite> <!-- Test -->
