<?xml version="1.0" encoding="UTF-8"?>
<!-- Generated by org.testng.reporters.JUnitXMLReporter -->
<testsuite ignored="0" hostname="DESKTOP-532K53F" failures="1" tests="4" name="test2" time="0.031" errors="0" timestamp="2022-04-06T02:11:37 ICT">
  <testcase classname="demo71.TestClass3" name="d1" time="0.003"/>
  <testcase classname="demo71.TestClass3" name="d2" time="0.003"/>
  <testcase classname="demo71.FactoryInstaniatedTestClass" name="FactoryInstaniatedTestClass-testNG" time="0.003"/>
  <testcase classname="demo71.FactoryInstaniatedTestClass" name="FactoryInstaniatedTestClass-Reports" time="0.003">
    <failure type="java.lang.AssertionError" message="expected [true] but found [false]">
      <![CDATA[java.lang.AssertionError: expected [true] but found [false]
at demo71.FactoryInstaniatedTestClass.f(FactoryInstaniatedTestClass.java:29)
at java.base/java.util.ArrayList.forEach(ArrayList.java:1511)
... Removed 32 stack frames]]>
    </failure>
  </testcase> <!-- FactoryInstaniatedTestClass-Reports -->
</testsuite> <!-- test2 -->
