<?xml version="1.0" encoding="UTF-8"?>
<!-- Generated by org.testng.reporters.JUnitXMLReporter -->
<testsuite ignored="0" hostname="DESKTOP-532K53F" failures="0" tests="6" name="Test" time="29.369" errors="0" timestamp="2022-04-06T10:48:26 ICT">
  <testcase classname="NangCao.Bai4_2" name="Test1" time="0.035"/>
  <testcase classname="NangCao.Bai4_2" name="Test2" time="0.096"/>
  <testcase classname="NangCao.Bai4_2" name="Test3" time="7.835"/>
  <testcase classname="NangCao.Bai4_1" name="Test1" time="0.05"/>
  <testcase classname="NangCao.Bai4_1" name="Test2" time="0.111"/>
  <testcase classname="NangCao.Bai4_1" name="Test3" time="5.476"/>
</testsuite> <!-- Test -->
