<?xml version="1.0" encoding="UTF-8"?>
<!-- Generated by org.testng.reporters.JUnitXMLReporter -->
<testsuite ignored="2" hostname="DESKTOP-532K53F" failures="0" tests="1" name="Default test" time="16.026" errors="0" timestamp="2022-04-06T10:46:48 ICT">
  <testcase classname="NangCao.Bai4_2" name="Test3" time="7.017"/>
  <testcase classname="NangCao.Bai4_2" name="Test1" time="0.0">
    <ignored/>
  </testcase> <!-- Test1 -->
  <testcase classname="NangCao.Bai4_2" name="Test2" time="0.0">
    <ignored/>
  </testcase> <!-- Test2 -->
</testsuite> <!-- Default test -->
