<?xml version="1.0" encoding="UTF-8"?>
<!-- Generated by org.testng.reporters.JUnitXMLReporter -->
<testsuite ignored="0" hostname="DESKTOP-532K53F" failures="0" tests="4" name="Default test" time="16.045" errors="0" timestamp="2022-04-06T00:56:22 ICT">
  <testcase classname="demo71.Test714" name="Test1" time="0.04"/>
  <testcase classname="demo71.Test714" name="Test2" time="0.107"/>
  <testcase classname="demo71.Test714" name="Test3" time="5.244"/>
  <testcase classname="demo71.Test714" name="Test4" time="2.961"/>
</testsuite> <!-- Default test -->
