<?xml version="1.0" encoding="UTF-8"?>
<!-- Generated by org.testng.reporters.JUnitXMLReporter -->
<testsuite ignored="0" hostname="DESKTOP-OS9T7E3" failures="0" tests="3" name="Default test" time="74.063" errors="0" timestamp="2022-03-28T15:54:43 ICT">
  <testcase classname="DemoTestNG.Lab5_1Test" name="timKiemAPFpoly" time="26.221"/>
  <testcase classname="DemoTestNG.Lab5_1Test" name="timKiemCMSFpoly" time="28.324"/>
  <testcase classname="DemoTestNG.Lab5_1Test" name="timKiemLMSFpoly" time="19.468"/>
</testsuite> <!-- Default test -->
