<?xml version="1.0" encoding="UTF-8"?>
<testng-results ignored="1" total="2" passed="1" failed="0" skipped="0">
  <reporter-output>
  </reporter-output>
  <suite started-at="2022-04-16T21:48:52 ICT" name="Default suite" finished-at="2022-04-16T21:49:05 ICT" duration-ms="12225">
    <groups>
    </groups>
    <test started-at="2022-04-16T21:48:52 ICT" name="Default test" finished-at="2022-04-16T21:49:05 ICT" duration-ms="12225">
      <class name="pass2.TC1">
        <test-method is-config="true" signature="beforeTest()[pri:0, instance:pass2.TC1@1623b78d]" started-at="2022-04-16T21:48:52 ICT" name="beforeTest" finished-at="2022-04-16T21:49:02 ICT" duration-ms="9503" status="PASS">
          <reporter-output>
          </reporter-output>
        </test-method> <!-- beforeTest -->
        <test-method signature="p1()[pri:0, instance:pass2.TC1@1623b78d]" started-at="2022-04-16T21:49:02 ICT" name="p1" finished-at="2022-04-16T21:49:05 ICT" duration-ms="2620" status="PASS">
          <reporter-output>
          </reporter-output>
        </test-method> <!-- p1 -->
        <test-method is-config="true" signature="afterTest()[pri:0, instance:pass2.TC1@1623b78d]" started-at="2022-04-16T21:49:05 ICT" name="afterTest" finished-at="2022-04-16T21:49:05 ICT" duration-ms="0" status="PASS">
          <reporter-output>
          </reporter-output>
        </test-method> <!-- afterTest -->
      </class> <!-- pass2.TC1 -->
    </test> <!-- Default test -->
  </suite> <!-- Default suite -->
</testng-results>
