<?xml version="1.0" encoding="UTF-8"?>
<testng-results ignored="0" total="1" passed="1" failed="0" skipped="0">
  <reporter-output>
  </reporter-output>
  <suite started-at="2022-04-15T08:48:04 ICT" name="Default suite" finished-at="2022-04-15T08:48:29 ICT" duration-ms="24896">
    <groups>
    </groups>
    <test started-at="2022-04-15T08:48:04 ICT" name="Default test" finished-at="2022-04-15T08:48:29 ICT" duration-ms="24896">
      <class name="KiemTraThu.TC_1">
        <test-method is-config="true" signature="beforeTest()[pri:0, instance:KiemTraThu.TC_1@7f0eb4b4]" started-at="2022-04-15T08:48:04 ICT" name="beforeTest" finished-at="2022-04-15T08:48:15 ICT" duration-ms="11155" status="PASS">
          <reporter-output>
          </reporter-output>
        </test-method> <!-- beforeTest -->
        <test-method signature="f()[pri:0, instance:KiemTraThu.TC_1@7f0eb4b4]" started-at="2022-04-15T08:48:15 ICT" name="f" finished-at="2022-04-15T08:48:29 ICT" duration-ms="13654" status="PASS">
          <reporter-output>
          </reporter-output>
        </test-method> <!-- f -->
        <test-method is-config="true" signature="afterTest()[pri:0, instance:KiemTraThu.TC_1@7f0eb4b4]" started-at="2022-04-15T08:48:29 ICT" name="afterTest" finished-at="2022-04-15T08:48:29 ICT" duration-ms="1" status="PASS">
          <reporter-output>
          </reporter-output>
        </test-method> <!-- afterTest -->
      </class> <!-- KiemTraThu.TC_1 -->
    </test> <!-- Default test -->
  </suite> <!-- Default suite -->
</testng-results>
