<?xml version="1.0" encoding="UTF-8"?>
<testng-results ignored="0" total="1" passed="1" failed="0" skipped="0">
  <reporter-output>
  </reporter-output>
  <suite started-at="2022-03-24T23:49:31 ICT" name="Default suite" finished-at="2022-03-24T23:49:36 ICT" duration-ms="5302">
    <groups>
    </groups>
    <test started-at="2022-03-24T23:49:31 ICT" name="Default test" finished-at="2022-03-24T23:49:36 ICT" duration-ms="5302">
      <class name="DemoTestNG.Lab5_1Test">
        <test-method signature="loginFacebook()[pri:0, instance:DemoTestNG.Lab5_1Test@8dbdac1]" started-at="2022-03-24T23:49:31 ICT" name="loginFacebook" finished-at="2022-03-24T23:49:36 ICT" duration-ms="5194" status="PASS">
          <reporter-output>
          </reporter-output>
        </test-method> <!-- loginFacebook -->
      </class> <!-- DemoTestNG.Lab5_1Test -->
    </test> <!-- Default test -->
  </suite> <!-- Default suite -->
</testng-results>
