<?xml version="1.0" encoding="UTF-8"?>
<!-- Generated by org.testng.reporters.JUnitXMLReporter -->
<testsuite ignored="0" hostname="DESKTOP-OS9T7E3" failures="0" tests="14" name="Test" time="65.206" errors="0" timestamp="2022-04-07T11:29:38 ICT">
  <testcase classname="SOF304_ASM2_2.TC2_PH13812" name="f" time="8.226"/>
  <testcase classname="SOF304_ASM2_2.TC1_PH13812" name="f" time="5.228"/>
  <testcase classname="SOF304_ASM2_2.kyThuaGiaTriBien" name="f" time="4.431"/>
  <testcase classname="SOF304_ASM2_2.kyThuaGiaTriBien" name="f2" time="2.824"/>
  <testcase classname="SOF304_ASM2_2.kyThuaGiaTriBien" name="f3" time="2.898"/>
  <testcase classname="SOF304_ASM2_2.kyThuaGiaTriBien" name="f4" time="2.876"/>
  <testcase classname="SOF304_ASM2_2.kyThuaGiaTriBien" name="f5" time="2.77"/>
  <testcase classname="SOF304_ASM2_2.kyThuaGiaTriBien" name="f6" time="2.755"/>
  <testcase classname="SOF304_ASM2_2.kyThuaGiaTriBien" name="kiemTraTieuDeCacTrangWeb2" time="1.912"/>
  <testcase classname="SOF304_ASM2_2.kyThuaGiaTriBien" name="kiemTraTieuDeCacTrangWeb2" time="2.822"/>
  <testcase classname="SOF304_ASM2_2.kyThuaGiaTriBien" name="kiemTraTieuDeCacTrangWeb2" time="2.72"/>
  <testcase classname="SOF304_ASM2_2.kyThuaGiaTriBien" name="kiemTraTieuDeCacTrangWeb2" time="2.75"/>
  <testcase classname="SOF304_ASM2_2.kyThuaGiaTriBien" name="kiemTraTieuDeCacTrangWeb2" time="2.769"/>
  <testcase classname="SOF304_ASM2_2.kyThuaGiaTriBien" name="kiemTraTieuDeCacTrangWeb2" time="2.795"/>
</testsuite> <!-- Test -->
