<?xml version="1.0" encoding="UTF-8"?>
<!-- Generated by org.testng.reporters.JUnitXMLReporter -->
<testsuite ignored="0" hostname="DESKTOP-532K53F" failures="3" tests="10" name="test1" time="0.173" errors="0" timestamp="2022-04-06T02:11:36 ICT">
  <testcase classname="demo71.TestClass1" name="t1" time="0.024">
    <failure type="java.lang.AssertionError" message="expected [true] but found [false]">
      <![CDATA[java.lang.AssertionError: expected [true] but found [false]
at demo71.TestClass1.t1(TestClass1.java:10)
at java.base/java.util.ArrayList.forEach(ArrayList.java:1511)
... Removed 32 stack frames]]>
    </failure>
  </testcase> <!-- t1 -->
  <testcase classname="demo71.TestClass1" name="t2" time="0.002">
    <failure type="java.lang.AssertionError" message="expected [true] but found [false]">
      <![CDATA[java.lang.AssertionError: expected [true] but found [false]
at demo71.TestClass1.t2(TestClass1.java:15)
at java.base/java.util.ArrayList.forEach(ArrayList.java:1511)
... Removed 32 stack frames]]>
    </failure>
  </testcase> <!-- t2 -->
  <testcase classname="demo71.TestClass1" name="t3" time="0.002"/>
  <testcase classname="demo71.TestClass1" name="t4" time="0.002"/>
  <testcase classname="demo71.TestClass1" name="t5" time="0.002"/>
  <testcase classname="demo71.TestClass1" name="t5" time="0.002"/>
  <testcase classname="demo71.TestClass2" name="c1" time="0.002"/>
  <testcase classname="demo71.TestClass2" name="c2" time="0.003"/>
  <testcase classname="demo71.TestClass2" name="c3" time="0.001"/>
  <testcase classname="demo71.TestClass2" name="c4" time="0.002">
    <failure type="java.lang.AssertionError" message="expected [true] but found [false]">
      <![CDATA[java.lang.AssertionError: expected [true] but found [false]
at demo71.TestClass2.c4(TestClass2.java:24)
at java.base/java.util.ArrayList.forEach(ArrayList.java:1511)
... Removed 32 stack frames]]>
    </failure>
  </testcase> <!-- c4 -->
</testsuite> <!-- test1 -->
