<?xml version="1.0" encoding="UTF-8"?>
<!-- Generated by org.testng.reporters.JUnitXMLReporter -->
<testsuite ignored="1" hostname="DESKTOP-532K53F" failures="0" tests="3" name="Default test" time="22.93" errors="0" timestamp="2022-03-31T23:04:09 ICT">
  <testcase classname="SOF304_Bai6.DataProvider" name="kiemTraTieuDeCacTrangWeb2" time="1.034"/>
  <testcase classname="SOF304_Bai6.DataProvider" name="kiemTraTieuDeCacTrangWeb2" time="0.832"/>
  <testcase classname="SOF304_Bai6.DataProvider" name="kiemTraTieuDeCacTrangWeb2" time="14.552"/>
  <testcase classname="SOF304_Bai6.DataProvider" name="kiemTraTieuDeCacTrangWeb" time="0.0">
    <ignored/>
  </testcase> <!-- kiemTraTieuDeCacTrangWeb -->
</testsuite> <!-- Default test -->
