<?xml version="1.0" encoding="UTF-8"?>
<!-- Generated by org.testng.reporters.JUnitXMLReporter -->
<testsuite ignored="0" hostname="DESKTOP-532K53F" failures="0" tests="3" name="Default test" time="0.16" errors="0" timestamp="2022-04-01T08:58:26 ICT">
  <testcase classname="Lab6.testPriority" name="registerAccount" time="0.039"/>
  <testcase classname="Lab6.testPriority" name="login" time="0.003"/>
  <testcase classname="Lab6.testPriority" name="sendEmail" time="0.003"/>
</testsuite> <!-- Default test -->
