<?xml version="1.0" encoding="UTF-8"?>
<testng-results ignored="6" total="12" passed="6" failed="0" skipped="0">
  <reporter-output>
  </reporter-output>
  <suite started-at="2022-04-06T10:01:42 ICT" name="Default suite" finished-at="2022-04-06T10:02:26 ICT" duration-ms="43989">
    <groups>
    </groups>
    <test started-at="2022-04-06T10:01:42 ICT" name="Default test" finished-at="2022-04-06T10:02:26 ICT" duration-ms="43989">
      <class name="SOF304_ASM2.TC2_Hieubqph13812">
        <test-method is-config="true" signature="beforeTest()[pri:0, instance:SOF304_ASM2.TC2_Hieubqph13812@399c4be1]" started-at="2022-04-06T10:01:42 ICT" name="beforeTest" finished-at="2022-04-06T10:01:53 ICT" duration-ms="10995" status="PASS">
          <reporter-output>
          </reporter-output>
        </test-method> <!-- beforeTest -->
        <test-method signature="kiemTraTieuDeCacTrangWeb2(int)[pri:0, instance:SOF304_ASM2.TC2_Hieubqph13812@399c4be1]" started-at="2022-04-06T10:01:53 ICT" name="kiemTraTieuDeCacTrangWeb2" data-provider="duLieu" finished-at="2022-04-06T10:02:00 ICT" duration-ms="7327" status="PASS">
          <params>
            <param index="0">
              <value>
                <![CDATA[-1]]>
              </value>
            </param>
          </params>
          <reporter-output>
          </reporter-output>
        </test-method> <!-- kiemTraTieuDeCacTrangWeb2 -->
        <test-method signature="kiemTraTieuDeCacTrangWeb2(int)[pri:0, instance:SOF304_ASM2.TC2_Hieubqph13812@399c4be1]" started-at="2022-04-06T10:02:00 ICT" name="kiemTraTieuDeCacTrangWeb2" data-provider="duLieu" finished-at="2022-04-06T10:02:05 ICT" duration-ms="4977" status="PASS">
          <params>
            <param index="0">
              <value>
                <![CDATA[0]]>
              </value>
            </param>
          </params>
          <reporter-output>
          </reporter-output>
        </test-method> <!-- kiemTraTieuDeCacTrangWeb2 -->
        <test-method signature="kiemTraTieuDeCacTrangWeb2(int)[pri:0, instance:SOF304_ASM2.TC2_Hieubqph13812@399c4be1]" started-at="2022-04-06T10:02:05 ICT" name="kiemTraTieuDeCacTrangWeb2" data-provider="duLieu" finished-at="2022-04-06T10:02:10 ICT" duration-ms="5041" status="PASS">
          <params>
            <param index="0">
              <value>
                <![CDATA[1]]>
              </value>
            </param>
          </params>
          <reporter-output>
          </reporter-output>
        </test-method> <!-- kiemTraTieuDeCacTrangWeb2 -->
        <test-method signature="kiemTraTieuDeCacTrangWeb2(int)[pri:0, instance:SOF304_ASM2.TC2_Hieubqph13812@399c4be1]" started-at="2022-04-06T10:02:10 ICT" name="kiemTraTieuDeCacTrangWeb2" data-provider="duLieu" finished-at="2022-04-06T10:02:16 ICT" duration-ms="5228" status="PASS">
          <params>
            <param index="0">
              <value>
                <![CDATA[499]]>
              </value>
            </param>
          </params>
          <reporter-output>
          </reporter-output>
        </test-method> <!-- kiemTraTieuDeCacTrangWeb2 -->
        <test-method signature="kiemTraTieuDeCacTrangWeb2(int)[pri:0, instance:SOF304_ASM2.TC2_Hieubqph13812@399c4be1]" started-at="2022-04-06T10:02:16 ICT" name="kiemTraTieuDeCacTrangWeb2" data-provider="duLieu" finished-at="2022-04-06T10:02:21 ICT" duration-ms="5194" status="PASS">
          <params>
            <param index="0">
              <value>
                <![CDATA[500]]>
              </value>
            </param>
          </params>
          <reporter-output>
          </reporter-output>
        </test-method> <!-- kiemTraTieuDeCacTrangWeb2 -->
        <test-method signature="kiemTraTieuDeCacTrangWeb2(int)[pri:0, instance:SOF304_ASM2.TC2_Hieubqph13812@399c4be1]" started-at="2022-04-06T10:02:21 ICT" name="kiemTraTieuDeCacTrangWeb2" data-provider="duLieu" finished-at="2022-04-06T10:02:26 ICT" duration-ms="4928" status="PASS">
          <params>
            <param index="0">
              <value>
                <![CDATA[501]]>
              </value>
            </param>
          </params>
          <reporter-output>
          </reporter-output>
        </test-method> <!-- kiemTraTieuDeCacTrangWeb2 -->
        <test-method is-config="true" signature="afterTest()[pri:0, instance:SOF304_ASM2.TC2_Hieubqph13812@399c4be1]" started-at="2022-04-06T10:02:26 ICT" name="afterTest" finished-at="2022-04-06T10:02:26 ICT" duration-ms="176" status="PASS">
          <reporter-output>
          </reporter-output>
        </test-method> <!-- afterTest -->
      </class> <!-- SOF304_ASM2.TC2_Hieubqph13812 -->
    </test> <!-- Default test -->
  </suite> <!-- Default suite -->
</testng-results>
