<?xml version="1.0" encoding="UTF-8"?>
<testng-results ignored="0" total="1" passed="1" failed="0" skipped="0">
  <reporter-output>
  </reporter-output>
  <suite started-at="2022-04-13T22:07:28 ICT" name="Default suite" finished-at="2022-04-13T22:07:37 ICT" duration-ms="9375">
    <groups>
    </groups>
    <test started-at="2022-04-13T22:07:28 ICT" name="Default test" finished-at="2022-04-13T22:07:37 ICT" duration-ms="9375">
      <class name="SOF304_ASM2_2.NiemJava4">
        <test-method is-config="true" signature="beforeTest()[pri:0, instance:SOF304_ASM2_2.NiemJava4@16d04d3d]" started-at="2022-04-13T22:07:28 ICT" name="beforeTest" finished-at="2022-04-13T22:07:36 ICT" duration-ms="8078" status="PASS">
          <reporter-output>
          </reporter-output>
        </test-method> <!-- beforeTest -->
        <test-method signature="f()[pri:0, instance:SOF304_ASM2_2.NiemJava4@16d04d3d]" started-at="2022-04-13T22:07:36 ICT" name="f" finished-at="2022-04-13T22:07:37 ICT" duration-ms="1203" status="PASS">
          <reporter-output>
          </reporter-output>
        </test-method> <!-- f -->
        <test-method is-config="true" signature="afterTest()[pri:0, instance:SOF304_ASM2_2.NiemJava4@16d04d3d]" started-at="2022-04-13T22:07:37 ICT" name="afterTest" finished-at="2022-04-13T22:07:37 ICT" duration-ms="0" status="PASS">
          <reporter-output>
          </reporter-output>
        </test-method> <!-- afterTest -->
      </class> <!-- SOF304_ASM2_2.NiemJava4 -->
    </test> <!-- Default test -->
  </suite> <!-- Default suite -->
</testng-results>
