<?xml version="1.0" encoding="UTF-8"?>
<!-- Generated by org.testng.reporters.JUnitXMLReporter -->
<testsuite ignored="6" hostname="DESKTOP-532K53F" failures="0" tests="6" name="Default test" time="43.989" errors="0" timestamp="2022-04-06T10:02:26 ICT">
  <testcase classname="SOF304_ASM2.TC2_Hieubqph13812" name="kiemTraTieuDeCacTrangWeb2" time="7.327"/>
  <testcase classname="SOF304_ASM2.TC2_Hieubqph13812" name="kiemTraTieuDeCacTrangWeb2" time="4.977"/>
  <testcase classname="SOF304_ASM2.TC2_Hieubqph13812" name="kiemTraTieuDeCacTrangWeb2" time="5.041"/>
  <testcase classname="SOF304_ASM2.TC2_Hieubqph13812" name="kiemTraTieuDeCacTrangWeb2" time="5.228"/>
  <testcase classname="SOF304_ASM2.TC2_Hieubqph13812" name="kiemTraTieuDeCacTrangWeb2" time="5.194"/>
  <testcase classname="SOF304_ASM2.TC2_Hieubqph13812" name="kiemTraTieuDeCacTrangWeb2" time="4.928"/>
  <testcase classname="SOF304_ASM2.TC2_Hieubqph13812" name="f" time="0.0">
    <ignored/>
  </testcase> <!-- f -->
  <testcase classname="SOF304_ASM2.TC2_Hieubqph13812" name="f2" time="0.0">
    <ignored/>
  </testcase> <!-- f2 -->
  <testcase classname="SOF304_ASM2.TC2_Hieubqph13812" name="f5" time="0.0">
    <ignored/>
  </testcase> <!-- f5 -->
  <testcase classname="SOF304_ASM2.TC2_Hieubqph13812" name="f3" time="0.0">
    <ignored/>
  </testcase> <!-- f3 -->
  <testcase classname="SOF304_ASM2.TC2_Hieubqph13812" name="f6" time="0.0">
    <ignored/>
  </testcase> <!-- f6 -->
  <testcase classname="SOF304_ASM2.TC2_Hieubqph13812" name="f4" time="0.0">
    <ignored/>
  </testcase> <!-- f4 -->
</testsuite> <!-- Default test -->
