<?xml version="1.0" encoding="UTF-8"?>
<testng-results ignored="1" total="4" passed="3" failed="0" skipped="0">
  <reporter-output>
  </reporter-output>
  <suite started-at="2022-03-31T23:03:46 ICT" name="Default suite" finished-at="2022-03-31T23:04:09 ICT" duration-ms="22930">
    <groups>
    </groups>
    <test started-at="2022-03-31T23:03:46 ICT" name="Default test" finished-at="2022-03-31T23:04:09 ICT" duration-ms="22930">
      <class name="SOF304_Bai6.DataProvider">
        <test-method is-config="true" signature="beforeTest()[pri:0, instance:SOF304_Bai6.DataProvider@595b007d]" started-at="2022-03-31T23:03:46 ICT" name="beforeTest" finished-at="2022-03-31T23:03:52 ICT" duration-ms="6276" status="PASS">
          <reporter-output>
          </reporter-output>
        </test-method> <!-- beforeTest -->
        <test-method signature="kiemTraTieuDeCacTrangWeb2(java.lang.String,java.lang.String)[pri:0, instance:SOF304_Bai6.DataProvider@595b007d]" started-at="2022-03-31T23:03:52 ICT" name="kiemTraTieuDeCacTrangWeb2" data-provider="duLieu2" finished-at="2022-03-31T23:03:53 ICT" duration-ms="1034" status="PASS">
          <params>
            <param index="0">
              <value>
                <![CDATA[https://ap.poly.edu.vn/]]>
              </value>
            </param>
            <param index="1">
              <value>
                <![CDATA[Cao đẳng FPT Polytechnic]]>
              </value>
            </param>
          </params>
          <reporter-output>
          </reporter-output>
        </test-method> <!-- kiemTraTieuDeCacTrangWeb2 -->
        <test-method signature="kiemTraTieuDeCacTrangWeb2(java.lang.String,java.lang.String)[pri:0, instance:SOF304_Bai6.DataProvider@595b007d]" started-at="2022-03-31T23:03:53 ICT" name="kiemTraTieuDeCacTrangWeb2" data-provider="duLieu2" finished-at="2022-03-31T23:03:54 ICT" duration-ms="832" status="PASS">
          <params>
            <param index="0">
              <value>
                <![CDATA[https://lms.poly.edu.vn/]]>
              </value>
            </param>
            <param index="1">
              <value>
                <![CDATA[Learning Management System | Hệ thống quản trị học tập | FPT Polytechnic Việt Nam]]>
              </value>
            </param>
          </params>
          <reporter-output>
          </reporter-output>
        </test-method> <!-- kiemTraTieuDeCacTrangWeb2 -->
        <test-method signature="kiemTraTieuDeCacTrangWeb2(java.lang.String,java.lang.String)[pri:0, instance:SOF304_Bai6.DataProvider@595b007d]" started-at="2022-03-31T23:03:54 ICT" name="kiemTraTieuDeCacTrangWeb2" data-provider="duLieu2" finished-at="2022-03-31T23:04:09 ICT" duration-ms="14552" status="PASS">
          <params>
            <param index="0">
              <value>
                <![CDATA[https://cms.poly.edu.vn/]]>
              </value>
            </param>
            <param index="1">
              <value>
                <![CDATA[| FPT Polytechnic | Course Management System]]>
              </value>
            </param>
          </params>
          <reporter-output>
          </reporter-output>
        </test-method> <!-- kiemTraTieuDeCacTrangWeb2 -->
        <test-method is-config="true" signature="afterTest()[pri:0, instance:SOF304_Bai6.DataProvider@595b007d]" started-at="2022-03-31T23:04:09 ICT" name="afterTest" finished-at="2022-03-31T23:04:09 ICT" duration-ms="141" status="PASS">
          <reporter-output>
          </reporter-output>
        </test-method> <!-- afterTest -->
      </class> <!-- SOF304_Bai6.DataProvider -->
    </test> <!-- Default test -->
  </suite> <!-- Default suite -->
</testng-results>
