<?xml version="1.0" encoding="UTF-8"?>
<testng-results ignored="0" total="3" passed="3" failed="0" skipped="0">
  <reporter-output>
  </reporter-output>
  <suite started-at="2022-04-01T08:58:26 ICT" name="Default suite" finished-at="2022-04-01T08:58:26 ICT" duration-ms="160">
    <groups>
    </groups>
    <test started-at="2022-04-01T08:58:26 ICT" name="Default test" finished-at="2022-04-01T08:58:26 ICT" duration-ms="160">
      <class name="Lab6.testPriority">
        <test-method signature="registerAccount()[pri:0, instance:Lab6.testPriority@7714e963]" started-at="2022-04-01T08:58:26 ICT" name="registerAccount" finished-at="2022-04-01T08:58:26 ICT" duration-ms="39" status="PASS">
          <reporter-output>
          </reporter-output>
        </test-method> <!-- registerAccount -->
        <test-method signature="login()[pri:1, instance:Lab6.testPriority@7714e963]" started-at="2022-04-01T08:58:26 ICT" name="login" finished-at="2022-04-01T08:58:26 ICT" duration-ms="3" status="PASS">
          <reporter-output>
          </reporter-output>
        </test-method> <!-- login -->
        <test-method signature="sendEmail()[pri:2, instance:Lab6.testPriority@7714e963]" started-at="2022-04-01T08:58:26 ICT" name="sendEmail" finished-at="2022-04-01T08:58:26 ICT" duration-ms="3" status="PASS">
          <reporter-output>
          </reporter-output>
        </test-method> <!-- sendEmail -->
      </class> <!-- Lab6.testPriority -->
    </test> <!-- Default test -->
  </suite> <!-- Default suite -->
</testng-results>
