<?xml version="1.0" encoding="UTF-8"?>
<testng-results ignored="0" total="1" passed="1" failed="0" skipped="0">
  <reporter-output>
  </reporter-output>
  <suite started-at="2022-04-09T00:15:01 ICT" name="Surefire suite" finished-at="2022-04-09T00:15:01 ICT" duration-ms="31">
    <groups>
    </groups>
    <test started-at="2022-04-09T00:15:01 ICT" name="Surefire test" finished-at="2022-04-09T00:15:01 ICT" duration-ms="31">
      <class name="SOF304_ASM2.AppTest">
        <test-method signature="shouldAnswerWithTrue()" started-at="2022-04-09T00:15:01 ICT" name="shouldAnswerWithTrue" finished-at="2022-04-09T00:15:01 ICT" duration-ms="3" status="PASS">
          <reporter-output>
          </reporter-output>
        </test-method> <!-- shouldAnswerWithTrue -->
      </class> <!-- SOF304_ASM2.AppTest -->
    </test> <!-- Surefire test -->
  </suite> <!-- Surefire suite -->
</testng-results>
